# JRE version: Java(TM) SE Runtime Environment (17.0.17+8) (build 17.0.17+8-LTS-360)
# Java VM: Java HotSpot(TM) 64-Bit Server VM (17.0.17+8-LTS-360, mixed mode, sharing, tiered, compressed oops, compressed class ptrs, g1 gc, windows-amd64)
GC Precious Log:
 CPUs: 12 total, 12 available
 Memory: 5989M
 Large Page Support: Disabled
 NUMA Support: Disabled
 Compressed Oops: Enabled (Zero based)
 Heap Region Size: 4M
 Heap Min Capacity: 8M
 Heap Initial Capacity: 96M
 Heap Max Capacity: 8G
 Pre-touch: Disabled
 Parallel Workers: 10
 Concurrent Workers: 3
 Concurrent Refinement Workers: 10
 Periodic GC: Disabled
Heap:
 garbage-first heap   total 98304K, used 59016K [0x0000000600000000, 0x0000000800000000)
  region size 4096K, 9 young (36864K), 2 survivors (8192K)
 Metaspace       used 44352K, committed 44992K, reserved 1114112K
  class space    used 6100K, committed 6400K, reserved 1048576K
GC Heap History (20 events):
Event: 29.320 GC heap before
{Heap before GC invocations=4 (full 0):
 garbage-first heap   total 98304K, used 56796K [0x0000000600000000, 0x0000000800000000)
  region size 4096K, 11 young (45056K), 2 survivors (8192K)
 Metaspace       used 16392K, committed 16768K, reserved 1114112K
  class space    used 2280K, committed 2432K, reserved 1048576K
}
Event: 29.330 GC heap after
{Heap after GC invocations=5 (full 0):
 garbage-first heap   total 98304K, used 22220K [0x0000000600000000, 0x0000000800000000)
  region size 4096K, 1 young (4096K), 1 survivors (4096K)
 Metaspace       used 16392K, committed 16768K, reserved 1114112K
  class space    used 2280K, committed 2432K, reserved 1048576K
}
Event: 33.642 GC heap before
{Heap before GC invocations=5 (full 0):
 garbage-first heap   total 98304K, used 59084K [0x0000000600000000, 0x0000000800000000)
  region size 4096K, 10 young (40960K), 1 survivors (4096K)
 Metaspace       used 20622K, committed 20928K, reserved 1114112K
  class space    used 3003K, committed 3136K, reserved 1048576K
}
Event: 33.648 GC heap after
{Heap after GC invocations=6 (full 0):
 garbage-first heap   total 98304K, used 24018K [0x0000000600000000, 0x0000000800000000)
  region size 4096K, 1 young (4096K), 1 survivors (4096K)
 Metaspace       used 20622K, committed 20928K, reserved 1114112K
  class space    used 3003K, committed 3136K, reserved 1048576K
}
Event: 34.124 GC heap before
{Heap before GC invocations=6 (full 0):
 garbage-first heap   total 98304K, used 28114K [0x0000000600000000, 0x0000000800000000)
  region size 4096K, 3 young (12288K), 1 survivors (4096K)
 Metaspace       used 21194K, committed 21504K, reserved 1114112K
  class space    used 3087K, committed 3264K, reserved 1048576K
}
Event: 34.134 GC heap after
{Heap after GC invocations=7 (full 0):
 garbage-first heap   total 98304K, used 24615K [0x0000000600000000, 0x0000000800000000)
  region size 4096K, 2 young (8192K), 2 survivors (8192K)
 Metaspace       used 21194K, committed 21504K, reserved 1114112K
  class space    used 3087K, committed 3264K, reserved 1048576K
}
Event: 41.056 GC heap before
{Heap before GC invocations=8 (full 0):
 garbage-first heap   total 98304K, used 61479K [0x0000000600000000, 0x0000000800000000)
  region size 4096K, 11 young (45056K), 2 survivors (8192K)
 Metaspace       used 25716K, committed 26176K, reserved 1114112K
  class space    used 3757K, committed 3968K, reserved 1048576K
}
Event: 41.064 GC heap after
{Heap after GC invocations=9 (full 0):
 garbage-first heap   total 98304K, used 27821K [0x0000000600000000, 0x0000000800000000)
  region size 4096K, 2 young (8192K), 2 survivors (8192K)
 Metaspace       used 25716K, committed 26176K, reserved 1114112K
  class space    used 3757K, committed 3968K, reserved 1048576K
}
Event: 46.018 GC heap before
{Heap before GC invocations=9 (full 0):
 garbage-first heap   total 98304K, used 64685K [0x0000000600000000, 0x0000000800000000)
  region size 4096K, 11 young (45056K), 2 survivors (8192K)
 Metaspace       used 31523K, committed 32000K, reserved 1114112K
  class space    used 4507K, committed 4736K, reserved 1048576K
}
Event: 46.028 GC heap after
{Heap after GC invocations=10 (full 0):
 garbage-first heap   total 98304K, used 30438K [0x0000000600000000, 0x0000000800000000)
  region size 4096K, 2 young (8192K), 2 survivors (8192K)
 Metaspace       used 31523K, committed 32000K, reserved 1114112K
  class space    used 4507K, committed 4736K, reserved 1048576K
}
Event: 48.880 GC heap before
{Heap before GC invocations=10 (full 0):
 garbage-first heap   total 98304K, used 67302K [0x0000000600000000, 0x0000000800000000)
  region size 4096K, 11 young (45056K), 2 survivors (8192K)
 Metaspace       used 34600K, committed 35072K, reserved 1114112K
  class space    used 4834K, committed 5056K, reserved 1048576K
}
Event: 48.890 GC heap after
{Heap after GC invocations=11 (full 0):
 garbage-first heap   total 98304K, used 33824K [0x0000000600000000, 0x0000000800000000)
  region size 4096K, 2 young (8192K), 2 survivors (8192K)
 Metaspace       used 34600K, committed 35072K, reserved 1114112K
  class space    used 4834K, committed 5056K, reserved 1048576K
}
Event: 50.311 GC heap before
{Heap before GC invocations=11 (full 0):
 garbage-first heap   total 98304K, used 37920K [0x0000000600000000, 0x0000000800000000)
  region size 4096K, 5 young (20480K), 2 survivors (8192K)
 Metaspace       used 35678K, committed 36096K, reserved 1114112K
  class space    used 4898K, committed 5120K, reserved 1048576K
}
Event: 50.348 GC heap after
{Heap after GC invocations=12 (full 0):
 garbage-first heap   total 98304K, used 34317K [0x0000000600000000, 0x0000000800000000)
  region size 4096K, 1 young (4096K), 1 survivors (4096K)
 Metaspace       used 35678K, committed 36096K, reserved 1114112K
  class space    used 4898K, committed 5120K, reserved 1048576K
}
Event: 56.769 GC heap before
{Heap before GC invocations=13 (full 0):
 garbage-first heap   total 98304K, used 67085K [0x0000000600000000, 0x0000000800000000)
  region size 4096K, 10 young (40960K), 1 survivors (4096K)
 Metaspace       used 38833K, committed 39424K, reserved 1114112K
  class space    used 5234K, committed 5504K, reserved 1048576K
}
Event: 56.776 GC heap after
{Heap after GC invocations=14 (full 0):
 garbage-first heap   total 98304K, used 35882K [0x0000000600000000, 0x0000000800000000)
  region size 4096K, 2 young (8192K), 2 survivors (8192K)
 Metaspace       used 38833K, committed 39424K, reserved 1114112K
  class space    used 5234K, committed 5504K, reserved 1048576K
}
Event: 60.050 GC heap before
{Heap before GC invocations=14 (full 0):
 garbage-first heap   total 98304K, used 68650K [0x0000000600000000, 0x0000000800000000)
  region size 4096K, 10 young (40960K), 2 survivors (8192K)
 Metaspace       used 40568K, committed 41216K, reserved 1114112K
  class space    used 5502K, committed 5824K, reserved 1048576K
}
Event: 60.057 GC heap after
{Heap after GC invocations=15 (full 0):
 garbage-first heap   total 98304K, used 37297K [0x0000000600000000, 0x0000000800000000)
  region size 4096K, 1 young (4096K), 1 survivors (4096K)
 Metaspace       used 40568K, committed 41216K, reserved 1114112K
  class space    used 5502K, committed 5824K, reserved 1048576K
}
Event: 63.244 GC heap before
{Heap before GC invocations=15 (full 0):
 garbage-first heap   total 98304K, used 70065K [0x0000000600000000, 0x0000000800000000)
  region size 4096K, 9 young (36864K), 1 survivors (4096K)
 Metaspace       used 43748K, committed 44416K, reserved 1114112K
  class space    used 6008K, committed 6336K, reserved 1048576K
}
Event: 63.251 GC heap after
{Heap after GC invocations=16 (full 0):
 garbage-first heap   total 98304K, used 38536K [0x0000000600000000, 0x0000000800000000)
  region size 4096K, 2 young (8192K), 2 survivors (8192K)
 Metaspace       used 43748K, committed 44416K, reserved 1114112K
  class space    used 6008K, committed 6336K, reserved 1048576K
}

