# JRE version: Java(TM) SE Runtime Environment (17.0.17+8) (build 17.0.17+8-LTS-360)
# Java VM: Java HotSpot(TM) 64-Bit Server VM (17.0.17+8-LTS-360, mixed mode, sharing, tiered, compressed oops, compressed class ptrs, g1 gc, windows-amd64)
GC Precious Log:
 CPUs: 12 total, 12 available
 Memory: 5989M
 Large Page Support: Disabled
 NUMA Support: Disabled
 Compressed Oops: Enabled (32-bit)
 Heap Region Size: 1M
 Heap Min Capacity: 8M
 Heap Initial Capacity: 94M
 Heap Max Capacity: 1498M
 Pre-touch: Disabled
 Parallel Workers: 10
 Concurrent Workers: 3
 Concurrent Refinement Workers: 10
 Periodic GC: Disabled
Heap:
 garbage-first heap   total 153600K, used 126174K [0x00000000a2600000, 0x0000000100000000)
  region size 1024K, 32 young (32768K), 3 survivors (3072K)
 Metaspace       used 77995K, committed 78464K, reserved 1179648K
  class space    used 8112K, committed 8320K, reserved 1048576K
GC Heap History (20 events):
Event: 22.365 GC heap before
{Heap before GC invocations=17 (full 0):
 garbage-first heap   total 150528K, used 121105K [0x00000000a2600000, 0x0000000100000000)
  region size 1024K, 42 young (43008K), 2 survivors (2048K)
 Metaspace       used 55201K, committed 55552K, reserved 1114112K
  class space    used 6225K, committed 6400K, reserved 1048576K
}
Event: 22.380 GC heap after
{Heap after GC invocations=18 (full 0):
 garbage-first heap   total 150528K, used 83784K [0x00000000a2600000, 0x0000000100000000)
  region size 1024K, 6 young (6144K), 6 survivors (6144K)
 Metaspace       used 55201K, committed 55552K, reserved 1114112K
  class space    used 6225K, committed 6400K, reserved 1048576K
}
Event: 22.490 GC heap before
{Heap before GC invocations=18 (full 0):
 garbage-first heap   total 150528K, used 84808K [0x00000000a2600000, 0x0000000100000000)
  region size 1024K, 7 young (7168K), 6 survivors (6144K)
 Metaspace       used 55205K, committed 55552K, reserved 1114112K
  class space    used 6225K, committed 6400K, reserved 1048576K
}
Event: 22.500 GC heap after
{Heap after GC invocations=19 (full 0):
 garbage-first heap   total 150528K, used 84236K [0x00000000a2600000, 0x0000000100000000)
  region size 1024K, 1 young (1024K), 1 survivors (1024K)
 Metaspace       used 55205K, committed 55552K, reserved 1114112K
  class space    used 6225K, committed 6400K, reserved 1048576K
}
Event: 25.429 GC heap before
{Heap before GC invocations=19 (full 0):
 garbage-first heap   total 150528K, used 121100K [0x00000000a2600000, 0x0000000100000000)
  region size 1024K, 37 young (37888K), 1 survivors (1024K)
 Metaspace       used 55752K, committed 56128K, reserved 1114112K
  class space    used 6264K, committed 6464K, reserved 1048576K
}
Event: 25.439 GC heap after
{Heap after GC invocations=20 (full 0):
 garbage-first heap   total 150528K, used 86571K [0x00000000a2600000, 0x0000000100000000)
  region size 1024K, 4 young (4096K), 4 survivors (4096K)
 Metaspace       used 55752K, committed 56128K, reserved 1114112K
  class space    used 6264K, committed 6464K, reserved 1048576K
}
Event: 27.527 GC heap before
{Heap before GC invocations=21 (full 0):
 garbage-first heap   total 150528K, used 122411K [0x00000000a2600000, 0x0000000100000000)
  region size 1024K, 39 young (39936K), 4 survivors (4096K)
 Metaspace       used 56902K, committed 57344K, reserved 1114112K
  class space    used 6372K, committed 6592K, reserved 1048576K
}
Event: 27.540 GC heap after
{Heap after GC invocations=22 (full 0):
 garbage-first heap   total 150528K, used 88833K [0x00000000a2600000, 0x0000000100000000)
  region size 1024K, 3 young (3072K), 3 survivors (3072K)
 Metaspace       used 56902K, committed 57344K, reserved 1114112K
  class space    used 6372K, committed 6592K, reserved 1048576K
}
Event: 27.632 GC heap before
{Heap before GC invocations=22 (full 0):
 garbage-first heap   total 150528K, used 92929K [0x00000000a2600000, 0x0000000100000000)
  region size 1024K, 7 young (7168K), 3 survivors (3072K)
 Metaspace       used 56954K, committed 57408K, reserved 1114112K
  class space    used 6373K, committed 6592K, reserved 1048576K
}
Event: 27.638 GC heap after
{Heap after GC invocations=23 (full 0):
 garbage-first heap   total 150528K, used 88979K [0x00000000a2600000, 0x0000000100000000)
  region size 1024K, 1 young (1024K), 1 survivors (1024K)
 Metaspace       used 56954K, committed 57408K, reserved 1114112K
  class space    used 6373K, committed 6592K, reserved 1048576K
}
Event: 29.093 GC heap before
{Heap before GC invocations=23 (full 0):
 garbage-first heap   total 150528K, used 124819K [0x00000000a2600000, 0x0000000100000000)
  region size 1024K, 36 young (36864K), 1 survivors (1024K)
 Metaspace       used 60935K, committed 61376K, reserved 1114112K
  class space    used 6761K, committed 6976K, reserved 1048576K
}
Event: 29.100 GC heap after
{Heap after GC invocations=24 (full 0):
 garbage-first heap   total 150528K, used 90023K [0x00000000a2600000, 0x0000000100000000)
  region size 1024K, 2 young (2048K), 2 survivors (2048K)
 Metaspace       used 60935K, committed 61376K, reserved 1114112K
  class space    used 6761K, committed 6976K, reserved 1048576K
}
Event: 31.289 GC heap before
{Heap before GC invocations=25 (full 0):
 garbage-first heap   total 153600K, used 125863K [0x00000000a2600000, 0x0000000100000000)
  region size 1024K, 37 young (37888K), 2 survivors (2048K)
 Metaspace       used 66262K, committed 66752K, reserved 1114112K
  class space    used 7249K, committed 7488K, reserved 1048576K
}
Event: 31.300 GC heap after
{Heap after GC invocations=26 (full 0):
 garbage-first heap   total 153600K, used 93224K [0x00000000a2600000, 0x0000000100000000)
  region size 1024K, 5 young (5120K), 5 survivors (5120K)
 Metaspace       used 66262K, committed 66752K, reserved 1114112K
  class space    used 7249K, committed 7488K, reserved 1048576K
}
Event: 31.373 GC heap before
{Heap before GC invocations=26 (full 0):
 garbage-first heap   total 153600K, used 95272K [0x00000000a2600000, 0x0000000100000000)
  region size 1024K, 7 young (7168K), 5 survivors (5120K)
 Metaspace       used 66754K, committed 67200K, reserved 1114112K
  class space    used 7286K, committed 7488K, reserved 1048576K
}
Event: 31.383 GC heap after
{Heap after GC invocations=27 (full 0):
 garbage-first heap   total 153600K, used 93439K [0x00000000a2600000, 0x0000000100000000)
  region size 1024K, 1 young (1024K), 1 survivors (1024K)
 Metaspace       used 66754K, committed 67200K, reserved 1114112K
  class space    used 7286K, committed 7488K, reserved 1048576K
}
Event: 33.224 GC heap before
{Heap before GC invocations=27 (full 0):
 garbage-first heap   total 153600K, used 128255K [0x00000000a2600000, 0x0000000100000000)
  region size 1024K, 35 young (35840K), 1 survivors (1024K)
 Metaspace       used 72481K, committed 72960K, reserved 1179648K
  class space    used 7729K, committed 7936K, reserved 1048576K
}
Event: 33.231 GC heap after
{Heap after GC invocations=28 (full 0):
 garbage-first heap   total 153600K, used 95379K [0x00000000a2600000, 0x0000000100000000)
  region size 1024K, 3 young (3072K), 3 survivors (3072K)
 Metaspace       used 72481K, committed 72960K, reserved 1179648K
  class space    used 7729K, committed 7936K, reserved 1048576K
}
Event: 35.398 GC heap before
{Heap before GC invocations=28 (full 0):
 garbage-first heap   total 153600K, used 128147K [0x00000000a2600000, 0x0000000100000000)
  region size 1024K, 35 young (35840K), 3 survivors (3072K)
 Metaspace       used 77124K, committed 77632K, reserved 1179648K
  class space    used 8096K, committed 8320K, reserved 1048576K
}
Event: 35.406 GC heap after
{Heap after GC invocations=29 (full 0):
 garbage-first heap   total 153600K, used 97502K [0x00000000a2600000, 0x0000000100000000)
  region size 1024K, 3 young (3072K), 3 survivors (3072K)
 Metaspace       used 77124K, committed 77632K, reserved 1179648K
  class space    used 8096K, committed 8320K, reserved 1048576K
}

