# JRE version: Java(TM) SE Runtime Environment (17.0.17+8) (build 17.0.17+8-LTS-360)
# Java VM: Java HotSpot(TM) 64-Bit Server VM (17.0.17+8-LTS-360, mixed mode, sharing, tiered, compressed oops, compressed class ptrs, g1 gc, windows-amd64)
GC Precious Log:
 CPUs: 12 total, 12 available
 Memory: 5989M
 Large Page Support: Disabled
 NUMA Support: Disabled
 Compressed Oops: Enabled (Zero based)
 Heap Region Size: 4M
 Heap Min Capacity: 8M
 Heap Initial Capacity: 96M
 Heap Max Capacity: 8G
 Pre-touch: Disabled
 Parallel Workers: 10
 Concurrent Workers: 3
 Concurrent Refinement Workers: 10
 Periodic GC: Disabled
Heap:
 garbage-first heap   total 102400K, used 56251K [0x0000000600000000, 0x0000000800000000)
  region size 4096K, 2 young (8192K), 1 survivors (4096K)
 Metaspace       used 58620K, committed 59328K, reserved 1114112K
  class space    used 8299K, committed 8640K, reserved 1048576K
GC Heap History (20 events):
Event: 41.720 GC heap before
{Heap before GC invocations=14 (full 0):
 garbage-first heap   total 98304K, used 69447K [0x0000000600000000, 0x0000000800000000)
  region size 4096K, 10 young (40960K), 2 survivors (8192K)
 Metaspace       used 40147K, committed 40768K, reserved 1114112K
  class space    used 5451K, committed 5760K, reserved 1048576K
}
Event: 41.736 GC heap after
{Heap after GC invocations=15 (full 0):
 garbage-first heap   total 98304K, used 37835K [0x0000000600000000, 0x0000000800000000)
  region size 4096K, 2 young (8192K), 2 survivors (8192K)
 Metaspace       used 40147K, committed 40768K, reserved 1114112K
  class space    used 5451K, committed 5760K, reserved 1048576K
}
Event: 44.576 GC heap before
{Heap before GC invocations=15 (full 0):
 garbage-first heap   total 98304K, used 70603K [0x0000000600000000, 0x0000000800000000)
  region size 4096K, 10 young (40960K), 2 survivors (8192K)
 Metaspace       used 43667K, committed 44352K, reserved 1114112K
  class space    used 6009K, committed 6336K, reserved 1048576K
}
Event: 44.596 GC heap after
{Heap after GC invocations=16 (full 0):
 garbage-first heap   total 98304K, used 39183K [0x0000000600000000, 0x0000000800000000)
  region size 4096K, 2 young (8192K), 2 survivors (8192K)
 Metaspace       used 43667K, committed 44352K, reserved 1114112K
  class space    used 6009K, committed 6336K, reserved 1048576K
}
Event: 49.636 GC heap before
{Heap before GC invocations=16 (full 0):
 garbage-first heap   total 98304K, used 71951K [0x0000000600000000, 0x0000000800000000)
  region size 4096K, 10 young (40960K), 2 survivors (8192K)
 Metaspace       used 44631K, committed 45248K, reserved 1114112K
  class space    used 6173K, committed 6464K, reserved 1048576K
}
Event: 49.659 GC heap after
{Heap after GC invocations=17 (full 0):
 garbage-first heap   total 98304K, used 39952K [0x0000000600000000, 0x0000000800000000)
  region size 4096K, 1 young (4096K), 1 survivors (4096K)
 Metaspace       used 44631K, committed 45248K, reserved 1114112K
  class space    used 6173K, committed 6464K, reserved 1048576K
}
Event: 53.555 GC heap before
{Heap before GC invocations=17 (full 0):
 garbage-first heap   total 98304K, used 76816K [0x0000000600000000, 0x0000000800000000)
  region size 4096K, 10 young (40960K), 1 survivors (4096K)
 Metaspace       used 47246K, committed 47936K, reserved 1114112K
  class space    used 6590K, committed 6912K, reserved 1048576K
}
Event: 53.562 GC heap after
{Heap after GC invocations=18 (full 0):
 garbage-first heap   total 98304K, used 42069K [0x0000000600000000, 0x0000000800000000)
  region size 4096K, 2 young (8192K), 2 survivors (8192K)
 Metaspace       used 47246K, committed 47936K, reserved 1114112K
  class space    used 6590K, committed 6912K, reserved 1048576K
}
Event: 56.918 GC heap before
{Heap before GC invocations=18 (full 0):
 garbage-first heap   total 98304K, used 74837K [0x0000000600000000, 0x0000000800000000)
  region size 4096K, 10 young (40960K), 2 survivors (8192K)
 Metaspace       used 50085K, committed 50688K, reserved 1114112K
  class space    used 7015K, committed 7296K, reserved 1048576K
}
Event: 56.928 GC heap after
{Heap after GC invocations=19 (full 0):
 garbage-first heap   total 98304K, used 43993K [0x0000000600000000, 0x0000000800000000)
  region size 4096K, 2 young (8192K), 2 survivors (8192K)
 Metaspace       used 50085K, committed 50688K, reserved 1114112K
  class space    used 7015K, committed 7296K, reserved 1048576K
}
Event: 60.496 GC heap before
{Heap before GC invocations=19 (full 0):
 garbage-first heap   total 98304K, used 68569K [0x0000000600000000, 0x0000000800000000)
  region size 4096K, 9 young (36864K), 2 survivors (8192K)
 Metaspace       used 51217K, committed 51840K, reserved 1114112K
  class space    used 7187K, committed 7488K, reserved 1048576K
}
Event: 60.533 GC heap after
{Heap after GC invocations=20 (full 0):
 garbage-first heap   total 98304K, used 45883K [0x0000000600000000, 0x0000000800000000)
  region size 4096K, 2 young (8192K), 2 survivors (8192K)
 Metaspace       used 51217K, committed 51840K, reserved 1114112K
  class space    used 7187K, committed 7488K, reserved 1048576K
}
Event: 64.734 GC heap before
{Heap before GC invocations=20 (full 0):
 garbage-first heap   total 98304K, used 74555K [0x0000000600000000, 0x0000000800000000)
  region size 4096K, 9 young (36864K), 2 survivors (8192K)
 Metaspace       used 53561K, committed 54144K, reserved 1114112K
  class space    used 7575K, committed 7872K, reserved 1048576K
}
Event: 64.769 GC heap after
{Heap after GC invocations=21 (full 0):
 garbage-first heap   total 98304K, used 46862K [0x0000000600000000, 0x0000000800000000)
  region size 4096K, 2 young (8192K), 2 survivors (8192K)
 Metaspace       used 53561K, committed 54144K, reserved 1114112K
  class space    used 7575K, committed 7872K, reserved 1048576K
}
Event: 66.181 GC heap before
{Heap before GC invocations=21 (full 0):
 garbage-first heap   total 98304K, used 55054K [0x0000000600000000, 0x0000000800000000)
  region size 4096K, 6 young (24576K), 2 survivors (8192K)
 Metaspace       used 54483K, committed 55104K, reserved 1114112K
  class space    used 7725K, committed 8000K, reserved 1048576K
}
Event: 66.191 GC heap after
{Heap after GC invocations=22 (full 0):
 garbage-first heap   total 98304K, used 50377K [0x0000000600000000, 0x0000000800000000)
  region size 4096K, 1 young (4096K), 1 survivors (4096K)
 Metaspace       used 54483K, committed 55104K, reserved 1114112K
  class space    used 7725K, committed 8000K, reserved 1048576K
}
Event: 68.145 GC heap before
{Heap before GC invocations=23 (full 0):
 garbage-first heap   total 102400K, used 74953K [0x0000000600000000, 0x0000000800000000)
  region size 4096K, 7 young (28672K), 1 survivors (4096K)
 Metaspace       used 56813K, committed 57472K, reserved 1114112K
  class space    used 8051K, committed 8320K, reserved 1048576K
}
Event: 68.256 GC heap after
{Heap after GC invocations=24 (full 0):
 garbage-first heap   total 102400K, used 55969K [0x0000000600000000, 0x0000000800000000)
  region size 4096K, 1 young (4096K), 1 survivors (4096K)
 Metaspace       used 56813K, committed 57472K, reserved 1114112K
  class space    used 8051K, committed 8320K, reserved 1048576K
}
Event: 69.280 GC heap before
{Heap before GC invocations=24 (full 0):
 garbage-first heap   total 102400K, used 76449K [0x0000000600000000, 0x0000000800000000)
  region size 4096K, 6 young (24576K), 1 survivors (4096K)
 Metaspace       used 58564K, committed 59200K, reserved 1114112K
  class space    used 8292K, committed 8576K, reserved 1048576K
}
Event: 69.284 GC heap after
{Heap after GC invocations=25 (full 0):
 garbage-first heap   total 102400K, used 56251K [0x0000000600000000, 0x0000000800000000)
  region size 4096K, 1 young (4096K), 1 survivors (4096K)
 Metaspace       used 58564K, committed 59200K, reserved 1114112K
  class space    used 8292K, committed 8576K, reserved 1048576K
}

