# JRE version: Java(TM) SE Runtime Environment (17.0.17+8) (build 17.0.17+8-LTS-360)
# Java VM: Java HotSpot(TM) 64-Bit Server VM (17.0.17+8-LTS-360, mixed mode, sharing, tiered, compressed oops, compressed class ptrs, g1 gc, windows-amd64)
GC Precious Log:
 CPUs: 12 total, 12 available
 Memory: 5989M
 Large Page Support: Disabled
 NUMA Support: Disabled
 Compressed Oops: Enabled (Zero based)
 Heap Region Size: 4M
 Heap Min Capacity: 8M
 Heap Initial Capacity: 96M
 Heap Max Capacity: 8G
 Pre-touch: Disabled
 Parallel Workers: 10
 Concurrent Workers: 3
 Concurrent Refinement Workers: 10
 Periodic GC: Disabled
Heap:
 garbage-first heap   total 442368K, used 208709K [0x0000000600000000, 0x0000000800000000)
  region size 4096K, 25 young (102400K), 6 survivors (24576K)
 Metaspace       used 111415K, committed 112576K, reserved 1179648K
  class space    used 15553K, committed 16128K, reserved 1048576K
GC Heap History (20 events):
Event: 207.276 GC heap before
{Heap before GC invocations=56 (full 0):
 garbage-first heap   total 368640K, used 113019K [0x0000000600000000, 0x0000000800000000)
  region size 4096K, 4 young (16384K), 1 survivors (4096K)
 Metaspace       used 82709K, committed 83648K, reserved 1179648K
  class space    used 11525K, committed 11968K, reserved 1048576K
}
Event: 207.285 GC heap after
{Heap after GC invocations=57 (full 0):
 garbage-first heap   total 368640K, used 110531K [0x0000000600000000, 0x0000000800000000)
  region size 4096K, 1 young (4096K), 1 survivors (4096K)
 Metaspace       used 82709K, committed 83648K, reserved 1179648K
  class space    used 11525K, committed 11968K, reserved 1048576K
}
Event: 209.583 GC heap before
{Heap before GC invocations=57 (full 0):
 garbage-first heap   total 368640K, used 118723K [0x0000000600000000, 0x0000000800000000)
  region size 4096K, 4 young (16384K), 1 survivors (4096K)
 Metaspace       used 83199K, committed 84160K, reserved 1179648K
  class space    used 11619K, committed 12032K, reserved 1048576K
}
Event: 209.620 GC heap after
{Heap after GC invocations=58 (full 0):
 garbage-first heap   total 368640K, used 113261K [0x0000000600000000, 0x0000000800000000)
  region size 4096K, 1 young (4096K), 1 survivors (4096K)
 Metaspace       used 83199K, committed 84160K, reserved 1179648K
  class space    used 11619K, committed 12032K, reserved 1048576K
}
Event: 211.091 GC heap before
{Heap before GC invocations=58 (full 0):
 garbage-first heap   total 368640K, used 125549K [0x0000000600000000, 0x0000000800000000)
  region size 4096K, 4 young (16384K), 1 survivors (4096K)
 Metaspace       used 84251K, committed 85184K, reserved 1179648K
  class space    used 11729K, committed 12160K, reserved 1048576K
}
Event: 211.096 GC heap after
{Heap after GC invocations=59 (full 0):
 garbage-first heap   total 368640K, used 113991K [0x0000000600000000, 0x0000000800000000)
  region size 4096K, 1 young (4096K), 1 survivors (4096K)
 Metaspace       used 84251K, committed 85184K, reserved 1179648K
  class space    used 11729K, committed 12160K, reserved 1048576K
}
Event: 211.443 GC heap before
{Heap before GC invocations=59 (full 0):
 garbage-first heap   total 368640K, used 122183K [0x0000000600000000, 0x0000000800000000)
  region size 4096K, 4 young (16384K), 1 survivors (4096K)
 Metaspace       used 85029K, committed 85952K, reserved 1179648K
  class space    used 11837K, committed 12288K, reserved 1048576K
}
Event: 211.446 GC heap after
{Heap after GC invocations=60 (full 0):
 garbage-first heap   total 368640K, used 114591K [0x0000000600000000, 0x0000000800000000)
  region size 4096K, 1 young (4096K), 1 survivors (4096K)
 Metaspace       used 85029K, committed 85952K, reserved 1179648K
  class space    used 11837K, committed 12288K, reserved 1048576K
}
Event: 212.496 GC heap before
{Heap before GC invocations=60 (full 0):
 garbage-first heap   total 368640K, used 130975K [0x0000000600000000, 0x0000000800000000)
  region size 4096K, 5 young (20480K), 1 survivors (4096K)
 Metaspace       used 86141K, committed 87104K, reserved 1179648K
  class space    used 11971K, committed 12416K, reserved 1048576K
}
Event: 212.512 GC heap after
{Heap after GC invocations=61 (full 0):
 garbage-first heap   total 368640K, used 115299K [0x0000000600000000, 0x0000000800000000)
  region size 4096K, 1 young (4096K), 1 survivors (4096K)
 Metaspace       used 86141K, committed 87104K, reserved 1179648K
  class space    used 11971K, committed 12416K, reserved 1048576K
}
Event: 213.614 GC heap before
{Heap before GC invocations=61 (full 0):
 garbage-first heap   total 368640K, used 135779K [0x0000000600000000, 0x0000000800000000)
  region size 4096K, 7 young (28672K), 1 survivors (4096K)
 Metaspace       used 88010K, committed 88960K, reserved 1179648K
  class space    used 12229K, committed 12672K, reserved 1048576K
}
Event: 213.621 GC heap after
{Heap after GC invocations=62 (full 0):
 garbage-first heap   total 442368K, used 116195K [0x0000000600000000, 0x0000000800000000)
  region size 4096K, 1 young (4096K), 1 survivors (4096K)
 Metaspace       used 88010K, committed 88960K, reserved 1179648K
  class space    used 12229K, committed 12672K, reserved 1048576K
}
Event: 215.301 GC heap before
{Heap before GC invocations=62 (full 0):
 garbage-first heap   total 442368K, used 157155K [0x0000000600000000, 0x0000000800000000)
  region size 4096K, 11 young (45056K), 1 survivors (4096K)
 Metaspace       used 90835K, committed 91776K, reserved 1179648K
  class space    used 12611K, committed 13056K, reserved 1048576K
}
Event: 215.308 GC heap after
{Heap after GC invocations=63 (full 0):
 garbage-first heap   total 442368K, used 117630K [0x0000000600000000, 0x0000000800000000)
  region size 4096K, 2 young (8192K), 2 survivors (8192K)
 Metaspace       used 90835K, committed 91776K, reserved 1179648K
  class space    used 12611K, committed 13056K, reserved 1048576K
}
Event: 218.352 GC heap before
{Heap before GC invocations=63 (full 0):
 garbage-first heap   total 442368K, used 174974K [0x0000000600000000, 0x0000000800000000)
  region size 4096K, 16 young (65536K), 2 survivors (8192K)
 Metaspace       used 93103K, committed 94080K, reserved 1179648K
  class space    used 12918K, committed 13376K, reserved 1048576K
}
Event: 218.367 GC heap after
{Heap after GC invocations=64 (full 0):
 garbage-first heap   total 442368K, used 120989K [0x0000000600000000, 0x0000000800000000)
  region size 4096K, 2 young (8192K), 2 survivors (8192K)
 Metaspace       used 93103K, committed 94080K, reserved 1179648K
  class space    used 12918K, committed 13376K, reserved 1048576K
}
Event: 222.517 GC heap before
{Heap before GC invocations=64 (full 0):
 garbage-first heap   total 442368K, used 215197K [0x0000000600000000, 0x0000000800000000)
  region size 4096K, 25 young (102400K), 2 survivors (8192K)
 Metaspace       used 99655K, committed 100544K, reserved 1179648K
  class space    used 13984K, committed 14400K, reserved 1048576K
}
Event: 222.532 GC heap after
{Heap after GC invocations=65 (full 0):
 garbage-first heap   total 442368K, used 124144K [0x0000000600000000, 0x0000000800000000)
  region size 4096K, 3 young (12288K), 3 survivors (12288K)
 Metaspace       used 99655K, committed 100544K, reserved 1179648K
  class space    used 13984K, committed 14400K, reserved 1048576K
}
Event: 231.338 GC heap before
{Heap before GC invocations=65 (full 0):
 garbage-first heap   total 442368K, used 312560K [0x0000000600000000, 0x0000000800000000)
  region size 4096K, 49 young (200704K), 3 survivors (12288K)
 Metaspace       used 108135K, committed 109312K, reserved 1179648K
  class space    used 15105K, committed 15680K, reserved 1048576K
}
Event: 231.389 GC heap after
{Heap after GC invocations=66 (full 0):
 garbage-first heap   total 442368K, used 134981K [0x0000000600000000, 0x0000000800000000)
  region size 4096K, 6 young (24576K), 6 survivors (24576K)
 Metaspace       used 108135K, committed 109312K, reserved 1179648K
  class space    used 15105K, committed 15680K, reserved 1048576K
}

